running egg_info
creating ../../build/gesture_pkg/gesture_pkg.egg-info
writing ../../build/gesture_pkg/gesture_pkg.egg-info/PKG-INFO
writing dependency_links to ../../build/gesture_pkg/gesture_pkg.egg-info/dependency_links.txt
writing entry points to ../../build/gesture_pkg/gesture_pkg.egg-info/entry_points.txt
writing requirements to ../../build/gesture_pkg/gesture_pkg.egg-info/requires.txt
writing top-level names to ../../build/gesture_pkg/gesture_pkg.egg-info/top_level.txt
writing manifest file '../../build/gesture_pkg/gesture_pkg.egg-info/SOURCES.txt'
reading manifest file '../../build/gesture_pkg/gesture_pkg.egg-info/SOURCES.txt'
writing manifest file '../../build/gesture_pkg/gesture_pkg.egg-info/SOURCES.txt'
running build
running build_py
creating /home/tyler/gestureRecognition/build/gesture_pkg/build
creating /home/tyler/gestureRecognition/build/gesture_pkg/build/lib
creating /home/tyler/gestureRecognition/build/gesture_pkg/build/lib/gesture_pkg
copying gesture_pkg/__init__.py -> /home/tyler/gestureRecognition/build/gesture_pkg/build/lib/gesture_pkg
running install
running install_lib
creating /home/tyler/gestureRecognition/install/gesture_pkg/lib/python3.10/site-packages/gesture_pkg
copying /home/tyler/gestureRecognition/build/gesture_pkg/build/lib/gesture_pkg/__init__.py -> /home/tyler/gestureRecognition/install/gesture_pkg/lib/python3.10/site-packages/gesture_pkg
byte-compiling /home/tyler/gestureRecognition/install/gesture_pkg/lib/python3.10/site-packages/gesture_pkg/__init__.py to __init__.cpython-310.pyc
running install_data
creating /home/tyler/gestureRecognition/install/gesture_pkg/share/ament_index
creating /home/tyler/gestureRecognition/install/gesture_pkg/share/ament_index/resource_index
creating /home/tyler/gestureRecognition/install/gesture_pkg/share/ament_index/resource_index/packages
copying resource/gesture_pkg -> /home/tyler/gestureRecognition/install/gesture_pkg/share/ament_index/resource_index/packages
copying package.xml -> /home/tyler/gestureRecognition/install/gesture_pkg/share/gesture_pkg
running install_egg_info
Copying ../../build/gesture_pkg/gesture_pkg.egg-info to /home/tyler/gestureRecognition/install/gesture_pkg/lib/python3.10/site-packages/gesture_pkg-0.0.0-py3.10.egg-info
running install_scripts
writing list of installed files to '/home/tyler/gestureRecognition/build/gesture_pkg/install.log'
