[0.485s] Invoking command in '/home/tyler/gestureRecognition/src/gesture_pkg': PYTHONPATH=/home/tyler/gestureRecognition/build/gesture_pkg/prefix_override:/usr/lib/python3/dist-packages/colcon_core/task/python/colcon_distutils_commands:/home/tyler/gestureRecognition/install/gesture_pkg/lib/python3.10/site-packages:${PYTHONPATH} /usr/bin/python3 -W ignore:setup.py install is deprecated -W ignore:easy_install command is deprecated setup.py egg_info --egg-base ../../build/gesture_pkg build --build-base /home/tyler/gestureRecognition/build/gesture_pkg/build install --record /home/tyler/gestureRecognition/build/gesture_pkg/install.log --single-version-externally-managed install_data
[0.614s] running egg_info
[0.614s] creating ../../build/gesture_pkg/gesture_pkg.egg-info
[0.614s] writing ../../build/gesture_pkg/gesture_pkg.egg-info/PKG-INFO
[0.615s] writing dependency_links to ../../build/gesture_pkg/gesture_pkg.egg-info/dependency_links.txt
[0.615s] writing entry points to ../../build/gesture_pkg/gesture_pkg.egg-info/entry_points.txt
[0.615s] writing requirements to ../../build/gesture_pkg/gesture_pkg.egg-info/requires.txt
[0.615s] writing top-level names to ../../build/gesture_pkg/gesture_pkg.egg-info/top_level.txt
[0.615s] writing manifest file '../../build/gesture_pkg/gesture_pkg.egg-info/SOURCES.txt'
[0.615s] reading manifest file '../../build/gesture_pkg/gesture_pkg.egg-info/SOURCES.txt'
[0.616s] writing manifest file '../../build/gesture_pkg/gesture_pkg.egg-info/SOURCES.txt'
[0.616s] running build
[0.616s] running build_py
[0.616s] creating /home/tyler/gestureRecognition/build/gesture_pkg/build
[0.616s] creating /home/tyler/gestureRecognition/build/gesture_pkg/build/lib
[0.616s] creating /home/tyler/gestureRecognition/build/gesture_pkg/build/lib/gesture_pkg
[0.616s] copying gesture_pkg/__init__.py -> /home/tyler/gestureRecognition/build/gesture_pkg/build/lib/gesture_pkg
[0.616s] running install
[0.616s] running install_lib
[0.617s] creating /home/tyler/gestureRecognition/install/gesture_pkg/lib/python3.10/site-packages/gesture_pkg
[0.617s] copying /home/tyler/gestureRecognition/build/gesture_pkg/build/lib/gesture_pkg/__init__.py -> /home/tyler/gestureRecognition/install/gesture_pkg/lib/python3.10/site-packages/gesture_pkg
[0.617s] byte-compiling /home/tyler/gestureRecognition/install/gesture_pkg/lib/python3.10/site-packages/gesture_pkg/__init__.py to __init__.cpython-310.pyc
[0.617s] running install_data
[0.617s] creating /home/tyler/gestureRecognition/install/gesture_pkg/share/ament_index
[0.617s] creating /home/tyler/gestureRecognition/install/gesture_pkg/share/ament_index/resource_index
[0.617s] creating /home/tyler/gestureRecognition/install/gesture_pkg/share/ament_index/resource_index/packages
[0.617s] copying resource/gesture_pkg -> /home/tyler/gestureRecognition/install/gesture_pkg/share/ament_index/resource_index/packages
[0.617s] copying package.xml -> /home/tyler/gestureRecognition/install/gesture_pkg/share/gesture_pkg
[0.617s] running install_egg_info
[0.618s] Copying ../../build/gesture_pkg/gesture_pkg.egg-info to /home/tyler/gestureRecognition/install/gesture_pkg/lib/python3.10/site-packages/gesture_pkg-0.0.0-py3.10.egg-info
[0.619s] running install_scripts
[0.628s] writing list of installed files to '/home/tyler/gestureRecognition/build/gesture_pkg/install.log'
[0.641s] Invoked command in '/home/tyler/gestureRecognition/src/gesture_pkg' returned '0': PYTHONPATH=/home/tyler/gestureRecognition/build/gesture_pkg/prefix_override:/usr/lib/python3/dist-packages/colcon_core/task/python/colcon_distutils_commands:/home/tyler/gestureRecognition/install/gesture_pkg/lib/python3.10/site-packages:${PYTHONPATH} /usr/bin/python3 -W ignore:setup.py install is deprecated -W ignore:easy_install command is deprecated setup.py egg_info --egg-base ../../build/gesture_pkg build --build-base /home/tyler/gestureRecognition/build/gesture_pkg/build install --record /home/tyler/gestureRecognition/build/gesture_pkg/install.log --single-version-externally-managed install_data
