running egg_info
writing ../../build/gesture_pkg/gesture_pkg.egg-info/PKG-INFO
writing dependency_links to ../../build/gesture_pkg/gesture_pkg.egg-info/dependency_links.txt
writing entry points to ../../build/gesture_pkg/gesture_pkg.egg-info/entry_points.txt
writing requirements to ../../build/gesture_pkg/gesture_pkg.egg-info/requires.txt
writing top-level names to ../../build/gesture_pkg/gesture_pkg.egg-info/top_level.txt
reading manifest file '../../build/gesture_pkg/gesture_pkg.egg-info/SOURCES.txt'
writing manifest file '../../build/gesture_pkg/gesture_pkg.egg-info/SOURCES.txt'
running build
running build_py
copying gesture_pkg/gesture_publisher.py -> /home/tyler/gestureRecognition/build/gesture_pkg/build/lib/gesture_pkg
running install
running install_lib
copying /home/tyler/gestureRecognition/build/gesture_pkg/build/lib/gesture_pkg/gesture_publisher.py -> /home/tyler/gestureRecognition/install/gesture_pkg/lib/python3.10/site-packages/gesture_pkg
byte-compiling /home/tyler/gestureRecognition/install/gesture_pkg/lib/python3.10/site-packages/gesture_pkg/gesture_publisher.py to gesture_publisher.cpython-310.pyc
running install_data
running install_egg_info
removing '/home/tyler/gestureRecognition/install/gesture_pkg/lib/python3.10/site-packages/gesture_pkg-0.0.0-py3.10.egg-info' (and everything under it)
Copying ../../build/gesture_pkg/gesture_pkg.egg-info to /home/tyler/gestureRecognition/install/gesture_pkg/lib/python3.10/site-packages/gesture_pkg-0.0.0-py3.10.egg-info
running install_scripts
Installing gesture_pub script to /home/tyler/gestureRecognition/install/gesture_pkg/lib/gesture_pkg
Installing gesture_sub script to /home/tyler/gestureRecognition/install/gesture_pkg/lib/gesture_pkg
writing list of installed files to '/home/tyler/gestureRecognition/build/gesture_pkg/install.log'
