[0.332s] Invoking command in '/home/tyler/gestureRecognition/src/gesture_pkg': PYTHONPATH=/home/tyler/gestureRecognition/build/gesture_pkg/prefix_override:/usr/lib/python3/dist-packages/colcon_core/task/python/colcon_distutils_commands:/home/tyler/gestureRecognition/install/gesture_pkg/lib/python3.10/site-packages:${PYTHONPATH} /usr/bin/python3 -W ignore:setup.py install is deprecated -W ignore:easy_install command is deprecated setup.py egg_info --egg-base ../../build/gesture_pkg build --build-base /home/tyler/gestureRecognition/build/gesture_pkg/build install --record /home/tyler/gestureRecognition/build/gesture_pkg/install.log --single-version-externally-managed install_data
[0.448s] running egg_info
[0.448s] writing ../../build/gesture_pkg/gesture_pkg.egg-info/PKG-INFO
[0.448s] writing dependency_links to ../../build/gesture_pkg/gesture_pkg.egg-info/dependency_links.txt
[0.448s] writing entry points to ../../build/gesture_pkg/gesture_pkg.egg-info/entry_points.txt
[0.448s] writing requirements to ../../build/gesture_pkg/gesture_pkg.egg-info/requires.txt
[0.448s] writing top-level names to ../../build/gesture_pkg/gesture_pkg.egg-info/top_level.txt
[0.449s] reading manifest file '../../build/gesture_pkg/gesture_pkg.egg-info/SOURCES.txt'
[0.450s] writing manifest file '../../build/gesture_pkg/gesture_pkg.egg-info/SOURCES.txt'
[0.450s] running build
[0.450s] running build_py
[0.450s] running install
[0.450s] running install_lib
[0.451s] running install_data
[0.451s] running install_egg_info
[0.452s] removing '/home/tyler/gestureRecognition/install/gesture_pkg/lib/python3.10/site-packages/gesture_pkg-0.0.0-py3.10.egg-info' (and everything under it)
[0.452s] Copying ../../build/gesture_pkg/gesture_pkg.egg-info to /home/tyler/gestureRecognition/install/gesture_pkg/lib/python3.10/site-packages/gesture_pkg-0.0.0-py3.10.egg-info
[0.453s] running install_scripts
[0.465s] Installing gesture_pub script to /home/tyler/gestureRecognition/install/gesture_pkg/lib/gesture_pkg
[0.465s] writing list of installed files to '/home/tyler/gestureRecognition/build/gesture_pkg/install.log'
[0.478s] Invoked command in '/home/tyler/gestureRecognition/src/gesture_pkg' returned '0': PYTHONPATH=/home/tyler/gestureRecognition/build/gesture_pkg/prefix_override:/usr/lib/python3/dist-packages/colcon_core/task/python/colcon_distutils_commands:/home/tyler/gestureRecognition/install/gesture_pkg/lib/python3.10/site-packages:${PYTHONPATH} /usr/bin/python3 -W ignore:setup.py install is deprecated -W ignore:easy_install command is deprecated setup.py egg_info --egg-base ../../build/gesture_pkg build --build-base /home/tyler/gestureRecognition/build/gesture_pkg/build install --record /home/tyler/gestureRecognition/build/gesture_pkg/install.log --single-version-externally-managed install_data
