[0.462s] Invoking command in '/home/tyler/gestureRecognition/src/gesture_pkg': PYTHONPATH=/home/tyler/gestureRecognition/build/gesture_pkg/prefix_override:/usr/lib/python3/dist-packages/colcon_core/task/python/colcon_distutils_commands:/home/tyler/gestureRecognition/install/gesture_pkg/lib/python3.10/site-packages:${PYTHONPATH} /usr/bin/python3 -W ignore:setup.py install is deprecated -W ignore:easy_install command is deprecated setup.py egg_info --egg-base ../../build/gesture_pkg build --build-base /home/tyler/gestureRecognition/build/gesture_pkg/build install --record /home/tyler/gestureRecognition/build/gesture_pkg/install.log --single-version-externally-managed install_data
[0.582s] running egg_info
[0.582s] writing ../../build/gesture_pkg/gesture_pkg.egg-info/PKG-INFO
[0.583s] writing dependency_links to ../../build/gesture_pkg/gesture_pkg.egg-info/dependency_links.txt
[0.583s] writing entry points to ../../build/gesture_pkg/gesture_pkg.egg-info/entry_points.txt
[0.583s] writing requirements to ../../build/gesture_pkg/gesture_pkg.egg-info/requires.txt
[0.583s] writing top-level names to ../../build/gesture_pkg/gesture_pkg.egg-info/top_level.txt
[0.584s] reading manifest file '../../build/gesture_pkg/gesture_pkg.egg-info/SOURCES.txt'
[0.585s] writing manifest file '../../build/gesture_pkg/gesture_pkg.egg-info/SOURCES.txt'
[0.585s] running build
[0.585s] running build_py
[0.586s] copying gesture_pkg/gesture_subscriber.py -> /home/tyler/gestureRecognition/build/gesture_pkg/build/lib/gesture_pkg
[0.586s] running install
[0.586s] running install_lib
[0.587s] copying /home/tyler/gestureRecognition/build/gesture_pkg/build/lib/gesture_pkg/gesture_subscriber.py -> /home/tyler/gestureRecognition/install/gesture_pkg/lib/python3.10/site-packages/gesture_pkg
[0.588s] byte-compiling /home/tyler/gestureRecognition/install/gesture_pkg/lib/python3.10/site-packages/gesture_pkg/gesture_subscriber.py to gesture_subscriber.cpython-310.pyc
[0.588s] running install_data
[0.588s] running install_egg_info
[0.589s] removing '/home/tyler/gestureRecognition/install/gesture_pkg/lib/python3.10/site-packages/gesture_pkg-0.0.0-py3.10.egg-info' (and everything under it)
[0.589s] Copying ../../build/gesture_pkg/gesture_pkg.egg-info to /home/tyler/gestureRecognition/install/gesture_pkg/lib/python3.10/site-packages/gesture_pkg-0.0.0-py3.10.egg-info
[0.590s] running install_scripts
[0.600s] Installing gesture_pub script to /home/tyler/gestureRecognition/install/gesture_pkg/lib/gesture_pkg
[0.600s] Installing gesture_sub script to /home/tyler/gestureRecognition/install/gesture_pkg/lib/gesture_pkg
[0.600s] writing list of installed files to '/home/tyler/gestureRecognition/build/gesture_pkg/install.log'
[0.614s] Invoked command in '/home/tyler/gestureRecognition/src/gesture_pkg' returned '0': PYTHONPATH=/home/tyler/gestureRecognition/build/gesture_pkg/prefix_override:/usr/lib/python3/dist-packages/colcon_core/task/python/colcon_distutils_commands:/home/tyler/gestureRecognition/install/gesture_pkg/lib/python3.10/site-packages:${PYTHONPATH} /usr/bin/python3 -W ignore:setup.py install is deprecated -W ignore:easy_install command is deprecated setup.py egg_info --egg-base ../../build/gesture_pkg build --build-base /home/tyler/gestureRecognition/build/gesture_pkg/build install --record /home/tyler/gestureRecognition/build/gesture_pkg/install.log --single-version-externally-managed install_data
