[0.132s] DEBUG:colcon:Command line arguments: ['/usr/bin/colcon', 'list', '-p', '--base-paths', '/home/tyler/gestureRecognition']
[0.132s] DEBUG:colcon:Parsed command line arguments: Namespace(log_base=None, log_level=None, verb_name='list', build_base='build', ignore_user_meta=False, metas=['./colcon.meta'], base_paths=['/home/tyler/gestureRecognition'], packages_ignore=None, packages_ignore_regex=None, paths=None, packages_up_to=None, packages_up_to_regex=None, packages_above=None, packages_above_and_dependencies=None, packages_above_depth=None, packages_select_by_dep=None, packages_skip_by_dep=None, packages_skip_up_to=None, packages_select_build_failed=False, packages_skip_build_finished=False, packages_select_test_failures=False, packages_skip_test_passed=False, packages_select=None, packages_skip=None, packages_select_regex=None, packages_skip_regex=None, packages_start=None, packages_end=None, allow_overriding=[], topological_order=False, names_only=False, paths_only=True, topological_graph=False, topological_graph_dot=False, topological_graph_density=False, topological_graph_legend=False, topological_graph_dot_cluster=False, topological_graph_dot_include_skipped=False, mixin_files=None, mixin=None, verb_parser=<colcon_mixin.mixin.mixin_argument.MixinArgumentDecorator object at 0xffffa4a9a1a0>, verb_extension=<colcon_package_information.verb.list.ListVerb object at 0xffffa4cc7190>, main=<bound method ListVerb.main of <colcon_package_information.verb.list.ListVerb object at 0xffffa4cc7190>>, mixin_verb=('list',))
[0.279s] Level 1:colcon.colcon_core.package_discovery:discover_packages(colcon_meta) check parameters
[0.287s] Level 1:colcon.colcon_core.package_discovery:discover_packages(recursive) check parameters
[0.287s] Level 1:colcon.colcon_core.package_discovery:discover_packages(ignore) check parameters
[0.287s] Level 1:colcon.colcon_core.package_discovery:discover_packages(path) check parameters
[0.287s] Level 1:colcon.colcon_core.package_discovery:discover_packages(recursive) discover
[0.287s] INFO:colcon.colcon_core.package_discovery:Crawling recursively for packages in '/home/tyler/gestureRecognition'
[0.287s] Level 1:colcon.colcon_core.package_identification:_identify(/home/tyler/gestureRecognition) by extensions ['ignore', 'ignore_ament_install']
[0.287s] Level 1:colcon.colcon_core.package_identification:_identify(/home/tyler/gestureRecognition) by extension 'ignore'
[0.287s] Level 1:colcon.colcon_core.package_identification:_identify(/home/tyler/gestureRecognition) by extension 'ignore_ament_install'
[0.287s] Level 1:colcon.colcon_core.package_identification:_identify(/home/tyler/gestureRecognition) by extensions ['colcon_pkg']
[0.287s] Level 1:colcon.colcon_core.package_identification:_identify(/home/tyler/gestureRecognition) by extension 'colcon_pkg'
[0.287s] Level 1:colcon.colcon_core.package_identification:_identify(/home/tyler/gestureRecognition) by extensions ['colcon_meta']
[0.287s] Level 1:colcon.colcon_core.package_identification:_identify(/home/tyler/gestureRecognition) by extension 'colcon_meta'
[0.287s] Level 1:colcon.colcon_core.package_identification:_identify(/home/tyler/gestureRecognition) by extensions ['ros']
[0.287s] Level 1:colcon.colcon_core.package_identification:_identify(/home/tyler/gestureRecognition) by extension 'ros'
[0.307s] Level 1:colcon.colcon_core.package_identification:_identify(/home/tyler/gestureRecognition) by extensions ['cmake', 'python']
[0.307s] Level 1:colcon.colcon_core.package_identification:_identify(/home/tyler/gestureRecognition) by extension 'cmake'
[0.307s] Level 1:colcon.colcon_core.package_identification:_identify(/home/tyler/gestureRecognition) by extension 'python'
[0.307s] Level 1:colcon.colcon_core.package_identification:_identify(/home/tyler/gestureRecognition) by extensions ['python_setup_py']
[0.307s] Level 1:colcon.colcon_core.package_identification:_identify(/home/tyler/gestureRecognition) by extension 'python_setup_py'
[0.307s] Level 1:colcon.colcon_core.package_identification:_identify(/home/tyler/gestureRecognition/build) by extensions ['ignore', 'ignore_ament_install']
[0.307s] Level 1:colcon.colcon_core.package_identification:_identify(/home/tyler/gestureRecognition/build) by extension 'ignore'
[0.307s] Level 1:colcon.colcon_core.package_identification:_identify(/home/tyler/gestureRecognition/build) ignored
[0.307s] Level 1:colcon.colcon_core.package_identification:_identify(/home/tyler/gestureRecognition/install) by extensions ['ignore', 'ignore_ament_install']
[0.307s] Level 1:colcon.colcon_core.package_identification:_identify(/home/tyler/gestureRecognition/install) by extension 'ignore'
[0.307s] Level 1:colcon.colcon_core.package_identification:_identify(/home/tyler/gestureRecognition/install) ignored
[0.308s] Level 1:colcon.colcon_core.package_identification:_identify(/home/tyler/gestureRecognition/log) by extensions ['ignore', 'ignore_ament_install']
[0.308s] Level 1:colcon.colcon_core.package_identification:_identify(/home/tyler/gestureRecognition/log) by extension 'ignore'
[0.308s] Level 1:colcon.colcon_core.package_identification:_identify(/home/tyler/gestureRecognition/log) ignored
[0.308s] Level 1:colcon.colcon_core.package_identification:_identify(/home/tyler/gestureRecognition/src) by extensions ['ignore', 'ignore_ament_install']
[0.308s] Level 1:colcon.colcon_core.package_identification:_identify(/home/tyler/gestureRecognition/src) by extension 'ignore'
[0.308s] Level 1:colcon.colcon_core.package_identification:_identify(/home/tyler/gestureRecognition/src) by extension 'ignore_ament_install'
[0.308s] Level 1:colcon.colcon_core.package_identification:_identify(/home/tyler/gestureRecognition/src) by extensions ['colcon_pkg']
[0.308s] Level 1:colcon.colcon_core.package_identification:_identify(/home/tyler/gestureRecognition/src) by extension 'colcon_pkg'
[0.308s] Level 1:colcon.colcon_core.package_identification:_identify(/home/tyler/gestureRecognition/src) by extensions ['colcon_meta']
[0.308s] Level 1:colcon.colcon_core.package_identification:_identify(/home/tyler/gestureRecognition/src) by extension 'colcon_meta'
[0.308s] Level 1:colcon.colcon_core.package_identification:_identify(/home/tyler/gestureRecognition/src) by extensions ['ros']
[0.308s] Level 1:colcon.colcon_core.package_identification:_identify(/home/tyler/gestureRecognition/src) by extension 'ros'
[0.308s] Level 1:colcon.colcon_core.package_identification:_identify(/home/tyler/gestureRecognition/src) by extensions ['cmake', 'python']
[0.308s] Level 1:colcon.colcon_core.package_identification:_identify(/home/tyler/gestureRecognition/src) by extension 'cmake'
[0.308s] Level 1:colcon.colcon_core.package_identification:_identify(/home/tyler/gestureRecognition/src) by extension 'python'
[0.308s] Level 1:colcon.colcon_core.package_identification:_identify(/home/tyler/gestureRecognition/src) by extensions ['python_setup_py']
[0.308s] Level 1:colcon.colcon_core.package_identification:_identify(/home/tyler/gestureRecognition/src) by extension 'python_setup_py'
[0.308s] Level 1:colcon.colcon_core.package_identification:_identify(/home/tyler/gestureRecognition/src/gesture_pkg) by extensions ['ignore', 'ignore_ament_install']
[0.308s] Level 1:colcon.colcon_core.package_identification:_identify(/home/tyler/gestureRecognition/src/gesture_pkg) by extension 'ignore'
[0.308s] Level 1:colcon.colcon_core.package_identification:_identify(/home/tyler/gestureRecognition/src/gesture_pkg) by extension 'ignore_ament_install'
[0.308s] Level 1:colcon.colcon_core.package_identification:_identify(/home/tyler/gestureRecognition/src/gesture_pkg) by extensions ['colcon_pkg']
[0.308s] Level 1:colcon.colcon_core.package_identification:_identify(/home/tyler/gestureRecognition/src/gesture_pkg) by extension 'colcon_pkg'
[0.309s] Level 1:colcon.colcon_core.package_identification:_identify(/home/tyler/gestureRecognition/src/gesture_pkg) by extensions ['colcon_meta']
[0.309s] Level 1:colcon.colcon_core.package_identification:_identify(/home/tyler/gestureRecognition/src/gesture_pkg) by extension 'colcon_meta'
[0.309s] Level 1:colcon.colcon_core.package_identification:_identify(/home/tyler/gestureRecognition/src/gesture_pkg) by extensions ['ros']
[0.309s] Level 1:colcon.colcon_core.package_identification:_identify(/home/tyler/gestureRecognition/src/gesture_pkg) by extension 'ros'
[0.312s] DEBUG:colcon.colcon_core.package_identification:Package '/home/tyler/gestureRecognition/src/gesture_pkg' with type 'ros.ament_python' and name 'gesture_pkg'
[0.312s] Level 1:colcon.colcon_core.package_discovery:discover_packages(recursive) using defaults
